2024-06-07 05:33:03 PM - django.utils.autoreload - INFO - Watching for file changes with StatReloader
2024-06-07 05:34:21 PM - django.server - INFO - "GET /editpproduct/1036 HTTP/1.1" 200 84259
2024-06-07 05:34:21 PM - django.server - INFO - "GET /static/css/dstyle.css HTTP/1.1" 200 33758
2024-06-07 05:34:22 PM - django.request - WARNING - Not Found: /Media/pproduct/images/40051811036_Maroon.jpg
2024-06-07 05:34:22 PM - django.request - WARNING - Not Found: /Media/pproduct/images/40051141036_D_Grey.jpg
2024-06-07 05:34:22 PM - django.server - WARNING - "GET /Media/pproduct/images/40051811036_Maroon.jpg HTTP/1.1" 404 30545
2024-06-07 05:34:22 PM - django.server - WARNING - "GET /Media/pproduct/images/40051141036_D_Grey.jpg HTTP/1.1" 404 30545
2024-06-07 05:34:22 PM - django.request - WARNING - Not Found: /Media/pproduct/images/40051041036_L_Grey.jpg
2024-06-07 05:34:22 PM - django.server - WARNING - "GET /Media/pproduct/images/40051041036_L_Grey.jpg HTTP/1.1" 404 30545
2024-06-07 05:34:22 PM - django.request - WARNING - Not Found: /Media/pproduct/images/40051511036_T_Green.jpg
2024-06-07 05:34:22 PM - django.request - WARNING - Not Found: /Media/pproduct/images/40051021036_Navy.jpg
2024-06-07 05:34:22 PM - django.server - WARNING - "GET /Media/pproduct/images/40051021036_Navy.jpg HTTP/1.1" 404 30535
2024-06-07 05:34:22 PM - django.server - WARNING - "GET /Media/pproduct/images/40051511036_T_Green.jpg HTTP/1.1" 404 30550
2024-06-07 05:34:24 PM - django.server - INFO - "GET /viewproduct2item_configs/40051511036 HTTP/1.1" 200 0
2024-06-07 05:40:52 PM - django.server - INFO - "GET /viewproduct2item_configs/40051021036 HTTP/1.1" 200 15956
2024-06-07 05:40:52 PM - django.server - INFO - "GET /static/css/dstyle.css HTTP/1.1" 304 0
2024-06-07 05:41:53 PM - django.server - INFO - "GET /viewproduct2item_configs/40051021036 HTTP/1.1" 200 15992
2024-06-07 05:41:53 PM - django.server - INFO - "GET /static/css/dstyle.css HTTP/1.1" 304 0
2024-06-07 05:42:30 PM - django.server - INFO - "GET /viewproduct2item_configs/40051021036 HTTP/1.1" 200 16019
2024-06-07 05:43:02 PM - django.server - INFO - "GET /viewproduct2item_configs/40051021036 HTTP/1.1" 200 15981
2024-06-07 05:43:02 PM - django.server - INFO - "GET /static/css/dstyle.css HTTP/1.1" 304 0
2024-06-07 05:43:28 PM - django.server - INFO - "GET /viewproduct2item_configs/40051021036 HTTP/1.1" 200 15961
2024-06-07 05:44:05 PM - django.server - INFO - "GET /viewproduct2item_configs/40051021036 HTTP/1.1" 200 15990
2024-06-07 05:44:17 PM - django.server - INFO - "GET /editpproduct/1036 HTTP/1.1" 200 84258
2024-06-07 05:44:17 PM - django.server - INFO - "GET /static/css/dstyle.css HTTP/1.1" 304 0
2024-06-07 05:44:18 PM - django.request - WARNING - Not Found: /Media/pproduct/images/40051041036_L_Grey.jpg
2024-06-07 05:44:18 PM - django.server - WARNING - "GET /Media/pproduct/images/40051041036_L_Grey.jpg HTTP/1.1" 404 30545
2024-06-07 05:44:18 PM - django.request - WARNING - Not Found: /Media/pproduct/images/40051021036_Navy.jpg
2024-06-07 05:44:18 PM - django.server - WARNING - "GET /Media/pproduct/images/40051021036_Navy.jpg HTTP/1.1" 404 30535
2024-06-07 05:44:18 PM - django.request - WARNING - Not Found: /Media/pproduct/images/40051141036_D_Grey.jpg
2024-06-07 05:44:18 PM - django.server - WARNING - "GET /Media/pproduct/images/40051141036_D_Grey.jpg HTTP/1.1" 404 30545
2024-06-07 05:44:18 PM - django.request - WARNING - Not Found: /Media/pproduct/images/40051511036_T_Green.jpg
2024-06-07 05:44:18 PM - django.server - WARNING - "GET /Media/pproduct/images/40051511036_T_Green.jpg HTTP/1.1" 404 30550
2024-06-07 05:44:18 PM - django.request - WARNING - Not Found: /Media/pproduct/images/40051811036_Maroon.jpg
2024-06-07 05:44:18 PM - django.server - WARNING - "GET /Media/pproduct/images/40051811036_Maroon.jpg HTTP/1.1" 404 30545
2024-06-07 05:44:21 PM - django.server - INFO - "GET /viewproduct2item_configs/40051041036 HTTP/1.1" 200 15990
2024-06-07 05:46:55 PM - django.server - INFO - "GET /viewproduct2item_configs/40051041036 HTTP/1.1" 200 16309
2024-06-07 05:46:55 PM - django.server - INFO - "GET /static/css/dstyle.css HTTP/1.1" 304 0
2024-06-07 05:47:12 PM - django.server - INFO - "GET /viewproduct2item_configs/40051041036 HTTP/1.1" 200 16289
2024-06-07 05:47:30 PM - django.server - INFO - "GET /product2item/1036 HTTP/1.1" 200 80747
2024-06-07 05:48:11 PM - django.server - INFO - "GET /itemdynamicsearchajax/?nameValue=HITLON%2010%20MM HTTP/1.1" 200 85
2024-06-07 05:48:12 PM - django.server - INFO - "GET /__debug__/history_sidebar/?store_id=26d2ed62f08d4f0397fa399df84950c6 HTTP/1.1" 200 9093
2024-06-07 05:48:30 PM - django.server - INFO - "GET /viewproduct2item_configs/40051511036 HTTP/1.1" 200 16290
2024-06-07 05:48:30 PM - django.server - INFO - "GET /static/css/dstyle.css HTTP/1.1" 304 0
2024-06-07 05:51:14 PM - django.request - ERROR - Internal Server Error: /viewproduct2item_configs/40051511036
Traceback (most recent call last):
  File "D:\Cosmus-projects\cosmus-factory-website\venv\Lib\site-packages\django\template\base.py", line 505, in parse
    compile_func = self.tags[command]
                   ~~~~~~~~~^^^^^^^^^
KeyError: 'endblock'

During handling of the above exception, another exception occurred:

Traceback (most recent call last):
  File "D:\Cosmus-projects\cosmus-factory-website\venv\Lib\site-packages\django\core\handlers\exception.py", line 55, in inner
    response = get_response(request)
               ^^^^^^^^^^^^^^^^^^^^^
  File "D:\Cosmus-projects\cosmus-factory-website\venv\Lib\site-packages\django\core\handlers\base.py", line 197, in _get_response
    response = wrapped_callback(request, *callback_args, **callback_kwargs)
               ^^^^^^^^^^^^^^^^^^^^^^^^^^^^^^^^^^^^^^^^^^^^^^^^^^^^^^^^^^^^
  File "D:\Cosmus-projects\cosmus-factory-website\ERP_Cosmus\product\views.py", line 2627, in viewproduct2items_configs
    return render(request,'production/product2itemsconfigview.html',{'product2item_instances' : product2item_instances})
           ^^^^^^^^^^^^^^^^^^^^^^^^^^^^^^^^^^^^^^^^^^^^^^^^^^^^^^^^^^^^^^^^^^^^^^^^^^^^^^^^^^^^^^^^^^^^^^^^^^^^^^^^^^^^^
  File "D:\Cosmus-projects\cosmus-factory-website\venv\Lib\site-packages\django\shortcuts.py", line 24, in render
    content = loader.render_to_string(template_name, context, request, using=using)
              ^^^^^^^^^^^^^^^^^^^^^^^^^^^^^^^^^^^^^^^^^^^^^^^^^^^^^^^^^^^^^^^^^^^^^
  File "D:\Cosmus-projects\cosmus-factory-website\venv\Lib\site-packages\django\template\loader.py", line 61, in render_to_string
    template = get_template(template_name, using=using)
               ^^^^^^^^^^^^^^^^^^^^^^^^^^^^^^^^^^^^^^^^
  File "D:\Cosmus-projects\cosmus-factory-website\venv\Lib\site-packages\django\template\loader.py", line 15, in get_template
    return engine.get_template(template_name)
           ^^^^^^^^^^^^^^^^^^^^^^^^^^^^^^^^^^
  File "D:\Cosmus-projects\cosmus-factory-website\venv\Lib\site-packages\django\template\backends\django.py", line 33, in get_template
    return Template(self.engine.get_template(template_name), self)
                    ^^^^^^^^^^^^^^^^^^^^^^^^^^^^^^^^^^^^^^^
  File "D:\Cosmus-projects\cosmus-factory-website\venv\Lib\site-packages\django\template\engine.py", line 175, in get_template
    template, origin = self.find_template(template_name)
                       ^^^^^^^^^^^^^^^^^^^^^^^^^^^^^^^^^
  File "D:\Cosmus-projects\cosmus-factory-website\venv\Lib\site-packages\django\template\engine.py", line 157, in find_template
    template = loader.get_template(name, skip=skip)
               ^^^^^^^^^^^^^^^^^^^^^^^^^^^^^^^^^^^^
  File "D:\Cosmus-projects\cosmus-factory-website\venv\Lib\site-packages\django\template\loaders\cached.py", line 57, in get_template
    template = super().get_template(template_name, skip)
               ^^^^^^^^^^^^^^^^^^^^^^^^^^^^^^^^^^^^^^^^^
  File "D:\Cosmus-projects\cosmus-factory-website\venv\Lib\site-packages\django\template\loaders\base.py", line 28, in get_template
    return Template(
           ^^^^^^^^^
  File "D:\Cosmus-projects\cosmus-factory-website\venv\Lib\site-packages\django\template\base.py", line 154, in __init__
    self.nodelist = self.compile_nodelist()
                    ^^^^^^^^^^^^^^^^^^^^^^^
  File "D:\Cosmus-projects\cosmus-factory-website\venv\Lib\site-packages\django\template\base.py", line 200, in compile_nodelist
    return parser.parse()
           ^^^^^^^^^^^^^^
  File "D:\Cosmus-projects\cosmus-factory-website\venv\Lib\site-packages\django\template\base.py", line 513, in parse
    raise self.error(token, e)
  File "D:\Cosmus-projects\cosmus-factory-website\venv\Lib\site-packages\django\template\base.py", line 511, in parse
    compiled_result = compile_func(self, token)
                      ^^^^^^^^^^^^^^^^^^^^^^^^^
  File "D:\Cosmus-projects\cosmus-factory-website\venv\Lib\site-packages\django\template\loader_tags.py", line 293, in do_extends
    nodelist = parser.parse()
               ^^^^^^^^^^^^^^
  File "D:\Cosmus-projects\cosmus-factory-website\venv\Lib\site-packages\django\template\base.py", line 513, in parse
    raise self.error(token, e)
  File "D:\Cosmus-projects\cosmus-factory-website\venv\Lib\site-packages\django\template\base.py", line 511, in parse
    compiled_result = compile_func(self, token)
                      ^^^^^^^^^^^^^^^^^^^^^^^^^
  File "D:\Cosmus-projects\cosmus-factory-website\venv\Lib\site-packages\django\template\loader_tags.py", line 232, in do_block
    nodelist = parser.parse(("endblock",))
               ^^^^^^^^^^^^^^^^^^^^^^^^^^^
  File "D:\Cosmus-projects\cosmus-factory-website\venv\Lib\site-packages\django\template\base.py", line 513, in parse
    raise self.error(token, e)
  File "D:\Cosmus-projects\cosmus-factory-website\venv\Lib\site-packages\django\template\base.py", line 511, in parse
    compiled_result = compile_func(self, token)
                      ^^^^^^^^^^^^^^^^^^^^^^^^^
  File "D:\Cosmus-projects\cosmus-factory-website\venv\Lib\site-packages\django\template\defaulttags.py", line 853, in do_for
    nodelist_loop = parser.parse(
                    ^^^^^^^^^^^^^
  File "D:\Cosmus-projects\cosmus-factory-website\venv\Lib\site-packages\django\template\base.py", line 507, in parse
    self.invalid_block_tag(token, command, parse_until)
  File "D:\Cosmus-projects\cosmus-factory-website\venv\Lib\site-packages\django\template\base.py", line 558, in invalid_block_tag
    raise self.error(
django.template.exceptions.TemplateSyntaxError: Invalid block tag on line 44: 'endblock', expected 'empty' or 'endfor'. Did you forget to register or load this tag?
2024-06-07 05:51:14 PM - django.server - ERROR - "GET /viewproduct2item_configs/40051511036 HTTP/1.1" 500 198290
2024-06-07 05:51:25 PM - django.request - ERROR - Internal Server Error: /viewproduct2item_configs/40051511036
Traceback (most recent call last):
  File "D:\Cosmus-projects\cosmus-factory-website\venv\Lib\site-packages\django\template\base.py", line 505, in parse
    compile_func = self.tags[command]
                   ~~~~~~~~~^^^^^^^^^
KeyError: 'endblock'

During handling of the above exception, another exception occurred:

Traceback (most recent call last):
  File "D:\Cosmus-projects\cosmus-factory-website\venv\Lib\site-packages\django\core\handlers\exception.py", line 55, in inner
    response = get_response(request)
               ^^^^^^^^^^^^^^^^^^^^^
  File "D:\Cosmus-projects\cosmus-factory-website\venv\Lib\site-packages\django\core\handlers\base.py", line 197, in _get_response
    response = wrapped_callback(request, *callback_args, **callback_kwargs)
               ^^^^^^^^^^^^^^^^^^^^^^^^^^^^^^^^^^^^^^^^^^^^^^^^^^^^^^^^^^^^
  File "D:\Cosmus-projects\cosmus-factory-website\ERP_Cosmus\product\views.py", line 2627, in viewproduct2items_configs
    return render(request,'production/product2itemsconfigview.html',{'product2item_instances' : product2item_instances})
           ^^^^^^^^^^^^^^^^^^^^^^^^^^^^^^^^^^^^^^^^^^^^^^^^^^^^^^^^^^^^^^^^^^^^^^^^^^^^^^^^^^^^^^^^^^^^^^^^^^^^^^^^^^^^^
  File "D:\Cosmus-projects\cosmus-factory-website\venv\Lib\site-packages\django\shortcuts.py", line 24, in render
    content = loader.render_to_string(template_name, context, request, using=using)
              ^^^^^^^^^^^^^^^^^^^^^^^^^^^^^^^^^^^^^^^^^^^^^^^^^^^^^^^^^^^^^^^^^^^^^
  File "D:\Cosmus-projects\cosmus-factory-website\venv\Lib\site-packages\django\template\loader.py", line 61, in render_to_string
    template = get_template(template_name, using=using)
               ^^^^^^^^^^^^^^^^^^^^^^^^^^^^^^^^^^^^^^^^
  File "D:\Cosmus-projects\cosmus-factory-website\venv\Lib\site-packages\django\template\loader.py", line 15, in get_template
    return engine.get_template(template_name)
           ^^^^^^^^^^^^^^^^^^^^^^^^^^^^^^^^^^
  File "D:\Cosmus-projects\cosmus-factory-website\venv\Lib\site-packages\django\template\backends\django.py", line 33, in get_template
    return Template(self.engine.get_template(template_name), self)
                    ^^^^^^^^^^^^^^^^^^^^^^^^^^^^^^^^^^^^^^^
  File "D:\Cosmus-projects\cosmus-factory-website\venv\Lib\site-packages\django\template\engine.py", line 175, in get_template
    template, origin = self.find_template(template_name)
                       ^^^^^^^^^^^^^^^^^^^^^^^^^^^^^^^^^
  File "D:\Cosmus-projects\cosmus-factory-website\venv\Lib\site-packages\django\template\engine.py", line 157, in find_template
    template = loader.get_template(name, skip=skip)
               ^^^^^^^^^^^^^^^^^^^^^^^^^^^^^^^^^^^^
  File "D:\Cosmus-projects\cosmus-factory-website\venv\Lib\site-packages\django\template\loaders\cached.py", line 57, in get_template
    template = super().get_template(template_name, skip)
               ^^^^^^^^^^^^^^^^^^^^^^^^^^^^^^^^^^^^^^^^^
  File "D:\Cosmus-projects\cosmus-factory-website\venv\Lib\site-packages\django\template\loaders\base.py", line 28, in get_template
    return Template(
           ^^^^^^^^^
  File "D:\Cosmus-projects\cosmus-factory-website\venv\Lib\site-packages\django\template\base.py", line 154, in __init__
    self.nodelist = self.compile_nodelist()
                    ^^^^^^^^^^^^^^^^^^^^^^^
  File "D:\Cosmus-projects\cosmus-factory-website\venv\Lib\site-packages\django\template\base.py", line 200, in compile_nodelist
    return parser.parse()
           ^^^^^^^^^^^^^^
  File "D:\Cosmus-projects\cosmus-factory-website\venv\Lib\site-packages\django\template\base.py", line 513, in parse
    raise self.error(token, e)
  File "D:\Cosmus-projects\cosmus-factory-website\venv\Lib\site-packages\django\template\base.py", line 511, in parse
    compiled_result = compile_func(self, token)
                      ^^^^^^^^^^^^^^^^^^^^^^^^^
  File "D:\Cosmus-projects\cosmus-factory-website\venv\Lib\site-packages\django\template\loader_tags.py", line 293, in do_extends
    nodelist = parser.parse()
               ^^^^^^^^^^^^^^
  File "D:\Cosmus-projects\cosmus-factory-website\venv\Lib\site-packages\django\template\base.py", line 513, in parse
    raise self.error(token, e)
  File "D:\Cosmus-projects\cosmus-factory-website\venv\Lib\site-packages\django\template\base.py", line 511, in parse
    compiled_result = compile_func(self, token)
                      ^^^^^^^^^^^^^^^^^^^^^^^^^
  File "D:\Cosmus-projects\cosmus-factory-website\venv\Lib\site-packages\django\template\loader_tags.py", line 232, in do_block
    nodelist = parser.parse(("endblock",))
               ^^^^^^^^^^^^^^^^^^^^^^^^^^^
  File "D:\Cosmus-projects\cosmus-factory-website\venv\Lib\site-packages\django\template\base.py", line 513, in parse
    raise self.error(token, e)
  File "D:\Cosmus-projects\cosmus-factory-website\venv\Lib\site-packages\django\template\base.py", line 511, in parse
    compiled_result = compile_func(self, token)
                      ^^^^^^^^^^^^^^^^^^^^^^^^^
  File "D:\Cosmus-projects\cosmus-factory-website\venv\Lib\site-packages\django\template\defaulttags.py", line 853, in do_for
    nodelist_loop = parser.parse(
                    ^^^^^^^^^^^^^
  File "D:\Cosmus-projects\cosmus-factory-website\venv\Lib\site-packages\django\template\base.py", line 513, in parse
    raise self.error(token, e)
  File "D:\Cosmus-projects\cosmus-factory-website\venv\Lib\site-packages\django\template\base.py", line 511, in parse
    compiled_result = compile_func(self, token)
                      ^^^^^^^^^^^^^^^^^^^^^^^^^
  File "D:\Cosmus-projects\cosmus-factory-website\venv\Lib\site-packages\django\template\defaulttags.py", line 853, in do_for
    nodelist_loop = parser.parse(
                    ^^^^^^^^^^^^^
  File "D:\Cosmus-projects\cosmus-factory-website\venv\Lib\site-packages\django\template\base.py", line 507, in parse
    self.invalid_block_tag(token, command, parse_until)
  File "D:\Cosmus-projects\cosmus-factory-website\venv\Lib\site-packages\django\template\base.py", line 558, in invalid_block_tag
    raise self.error(
django.template.exceptions.TemplateSyntaxError: Invalid block tag on line 35: 'endblock', expected 'empty' or 'endfor'. Did you forget to register or load this tag?
2024-06-07 05:51:25 PM - django.server - ERROR - "GET /viewproduct2item_configs/40051511036 HTTP/1.1" 500 219094
2024-06-07 05:51:35 PM - django.server - INFO - "GET /viewproduct2item_configs/40051511036 HTTP/1.1" 200 31333
2024-06-07 05:51:35 PM - django.server - INFO - "GET /static/css/dstyle.css HTTP/1.1" 304 0
2024-06-07 05:52:28 PM - django.server - INFO - "GET /export_Product2Item_excel/1036 HTTP/1.1" 200 11593
2024-06-07 05:53:44 PM - django.server - INFO - "GET /editpproduct/1036 HTTP/1.1" 200 84258
2024-06-07 05:53:44 PM - django.server - INFO - "GET /static/css/dstyle.css HTTP/1.1" 304 0
2024-06-07 05:53:45 PM - django.request - WARNING - Not Found: /Media/pproduct/images/40051511036_T_Green.jpg
2024-06-07 05:53:45 PM - django.request - WARNING - Not Found: /Media/pproduct/images/40051021036_Navy.jpg
2024-06-07 05:53:45 PM - django.server - WARNING - "GET /Media/pproduct/images/40051511036_T_Green.jpg HTTP/1.1" 404 30550
2024-06-07 05:53:45 PM - django.request - WARNING - Not Found: /Media/pproduct/images/40051041036_L_Grey.jpg
2024-06-07 05:53:45 PM - django.server - WARNING - "GET /Media/pproduct/images/40051021036_Navy.jpg HTTP/1.1" 404 30535
2024-06-07 05:53:45 PM - django.server - WARNING - "GET /Media/pproduct/images/40051041036_L_Grey.jpg HTTP/1.1" 404 30545
2024-06-07 05:53:45 PM - django.request - WARNING - Not Found: /Media/pproduct/images/40051811036_Maroon.jpg
2024-06-07 05:53:45 PM - django.server - WARNING - "GET /Media/pproduct/images/40051811036_Maroon.jpg HTTP/1.1" 404 30545
2024-06-07 05:53:45 PM - django.request - WARNING - Not Found: /Media/pproduct/images/40051141036_D_Grey.jpg
2024-06-07 05:53:45 PM - django.server - WARNING - "GET /Media/pproduct/images/40051141036_D_Grey.jpg HTTP/1.1" 404 30545
2024-06-07 05:53:54 PM - django.server - INFO - "POST /editpproduct/1036 HTTP/1.1" 302 0
2024-06-07 05:53:54 PM - django.server - INFO - "GET /pproductlist/ HTTP/1.1" 200 47453
2024-06-07 05:54:01 PM - django.server - INFO - "GET /editpproduct/1036 HTTP/1.1" 200 84258
2024-06-07 05:54:02 PM - django.request - WARNING - Not Found: /Media/pproduct/images/40051811036_Maroon.jpg
2024-06-07 05:54:02 PM - django.request - WARNING - Not Found: /Media/pproduct/images/40051041036_L_Grey.jpg
2024-06-07 05:54:02 PM - django.server - WARNING - "GET /Media/pproduct/images/40051811036_Maroon.jpg HTTP/1.1" 404 30545
2024-06-07 05:54:02 PM - django.server - WARNING - "GET /Media/pproduct/images/40051041036_L_Grey.jpg HTTP/1.1" 404 30545
2024-06-07 05:54:02 PM - django.request - WARNING - Not Found: /Media/pproduct/images/40051511036_T_Green.jpg
2024-06-07 05:54:02 PM - django.request - WARNING - Not Found: /Media/pproduct/images/40051021036_Navy.jpg
2024-06-07 05:54:02 PM - django.request - WARNING - Not Found: /Media/pproduct/images/40051141036_D_Grey.jpg
2024-06-07 05:54:02 PM - django.server - WARNING - "GET /Media/pproduct/images/40051511036_T_Green.jpg HTTP/1.1" 404 30550
2024-06-07 05:54:02 PM - django.server - WARNING - "GET /Media/pproduct/images/40051021036_Navy.jpg HTTP/1.1" 404 30535
2024-06-07 05:54:02 PM - django.server - WARNING - "GET /Media/pproduct/images/40051141036_D_Grey.jpg HTTP/1.1" 404 30545
2024-06-07 05:54:06 PM - django.server - INFO - "GET /product2item/1036 HTTP/1.1" 200 80747
2024-06-07 05:54:18 PM - django.server - INFO - "POST /editpproduct/1036 HTTP/1.1" 302 0
2024-06-07 05:54:18 PM - django.server - INFO - "GET /pproductlist/ HTTP/1.1" 200 47453
2024-06-07 05:54:51 PM - django.server - INFO - "GET /editpproduct/1036 HTTP/1.1" 200 84258
2024-06-07 05:54:52 PM - django.request - WARNING - Not Found: /Media/pproduct/images/40051021036_Navy.jpg
2024-06-07 05:54:52 PM - django.server - WARNING - "GET /Media/pproduct/images/40051021036_Navy.jpg HTTP/1.1" 404 30535
2024-06-07 05:54:52 PM - django.request - WARNING - Not Found: /Media/pproduct/images/40051811036_Maroon.jpg
2024-06-07 05:54:52 PM - django.server - WARNING - "GET /Media/pproduct/images/40051811036_Maroon.jpg HTTP/1.1" 404 30545
2024-06-07 05:54:52 PM - django.request - WARNING - Not Found: /Media/pproduct/images/40051511036_T_Green.jpg
2024-06-07 05:54:52 PM - django.server - WARNING - "GET /Media/pproduct/images/40051511036_T_Green.jpg HTTP/1.1" 404 30550
2024-06-07 05:54:52 PM - django.request - WARNING - Not Found: /Media/pproduct/images/40051041036_L_Grey.jpg
2024-06-07 05:54:52 PM - django.server - WARNING - "GET /Media/pproduct/images/40051041036_L_Grey.jpg HTTP/1.1" 404 30545
2024-06-07 05:54:52 PM - django.request - WARNING - Not Found: /Media/pproduct/images/40051141036_D_Grey.jpg
2024-06-07 05:54:52 PM - django.server - WARNING - "GET /Media/pproduct/images/40051141036_D_Grey.jpg HTTP/1.1" 404 30545
2024-06-07 05:55:01 PM - django.server - INFO - "POST /editpproduct/1036 HTTP/1.1" 302 0
2024-06-07 05:55:01 PM - django.server - INFO - "GET /pproductlist/ HTTP/1.1" 200 47453
2024-06-07 05:55:32 PM - django.server - INFO - "GET /editpproduct/1036 HTTP/1.1" 200 84258
2024-06-07 05:55:33 PM - django.request - WARNING - Not Found: /Media/pproduct/images/40051141036_D_Grey.jpg
2024-06-07 05:55:33 PM - django.server - WARNING - "GET /Media/pproduct/images/40051141036_D_Grey.jpg HTTP/1.1" 404 30545
2024-06-07 05:55:33 PM - django.request - WARNING - Not Found: /Media/pproduct/images/40051811036_Maroon.jpg
2024-06-07 05:55:33 PM - django.server - WARNING - "GET /Media/pproduct/images/40051811036_Maroon.jpg HTTP/1.1" 404 30545
2024-06-07 05:55:33 PM - django.request - WARNING - Not Found: /Media/pproduct/images/40051041036_L_Grey.jpg
2024-06-07 05:55:33 PM - django.request - WARNING - Not Found: /Media/pproduct/images/40051021036_Navy.jpg
2024-06-07 05:55:33 PM - django.request - WARNING - Not Found: /Media/pproduct/images/40051511036_T_Green.jpg
2024-06-07 05:55:33 PM - django.server - WARNING - "GET /Media/pproduct/images/40051041036_L_Grey.jpg HTTP/1.1" 404 30545
2024-06-07 05:55:33 PM - django.server - WARNING - "GET /Media/pproduct/images/40051021036_Navy.jpg HTTP/1.1" 404 30535
2024-06-07 05:55:33 PM - django.server - WARNING - "GET /Media/pproduct/images/40051511036_T_Green.jpg HTTP/1.1" 404 30550
2024-06-07 05:55:35 PM - django.server - INFO - "GET /product2item/1036 HTTP/1.1" 200 80747
2024-06-07 05:55:41 PM - django.server - INFO - "POST /product2item/1036 HTTP/1.1" 200 373
2024-06-07 05:55:42 PM - django.server - INFO - "GET /editpproduct/1036 HTTP/1.1" 200 84528
2024-06-07 05:55:42 PM - django.request - WARNING - Not Found: /Media/pproduct/images/40051041036_L_Grey.jpg
2024-06-07 05:55:42 PM - django.server - WARNING - "GET /Media/pproduct/images/40051041036_L_Grey.jpg HTTP/1.1" 404 30545
2024-06-07 05:55:42 PM - django.request - WARNING - Not Found: /Media/pproduct/images/40051021036_Navy.jpg
2024-06-07 05:55:42 PM - django.server - WARNING - "GET /Media/pproduct/images/40051021036_Navy.jpg HTTP/1.1" 404 30535
2024-06-07 05:55:42 PM - django.request - WARNING - Not Found: /Media/pproduct/images/40051511036_T_Green.jpg
2024-06-07 05:55:42 PM - django.server - WARNING - "GET /Media/pproduct/images/40051511036_T_Green.jpg HTTP/1.1" 404 30550
2024-06-07 05:55:42 PM - django.request - WARNING - Not Found: /Media/pproduct/images/40051141036_D_Grey.jpg
2024-06-07 05:55:42 PM - django.server - WARNING - "GET /Media/pproduct/images/40051141036_D_Grey.jpg HTTP/1.1" 404 30545
2024-06-07 05:55:42 PM - django.request - WARNING - Not Found: /Media/pproduct/images/40051811036_Maroon.jpg
2024-06-07 05:55:42 PM - django.server - WARNING - "GET /Media/pproduct/images/40051811036_Maroon.jpg HTTP/1.1" 404 30545
2024-06-07 05:55:58 PM - django.server - INFO - "GET /export_Product2Item_excel/1036 HTTP/1.1" 200 9703
2024-06-07 05:57:06 PM - django.server - INFO - "POST /editpproduct/1036 HTTP/1.1" 302 0
2024-06-07 05:57:07 PM - django.server - INFO - "GET /pproductlist/ HTTP/1.1" 200 47164
2024-06-07 05:57:07 PM - django.server - INFO - "GET /static/css/dstyle.css HTTP/1.1" 304 0
2024-06-07 05:57:12 PM - django.server - INFO - "GET /editpproduct/9008 HTTP/1.1" 200 70483
2024-06-07 05:57:12 PM - django.request - WARNING - Not Found: /Media/pproduct/images/40051019008_Bk.jpg
2024-06-07 05:57:12 PM - django.request - WARNING - Not Found: /Media/pproduct/images/40051149008_Grey.jpg
2024-06-07 05:57:12 PM - django.request - WARNING - Not Found: /Media/pproduct/images/40051029008_Navy.jpg
2024-06-07 05:57:12 PM - django.server - WARNING - "GET /Media/pproduct/images/40051149008_Grey.jpg HTTP/1.1" 404 30535
2024-06-07 05:57:12 PM - django.server - WARNING - "GET /Media/pproduct/images/40051019008_Bk.jpg HTTP/1.1" 404 30525
2024-06-07 05:57:12 PM - django.server - WARNING - "GET /Media/pproduct/images/40051029008_Navy.jpg HTTP/1.1" 404 30535
2024-06-07 05:57:15 PM - django.server - INFO - "GET /export_Product2Item_excel/9008 HTTP/1.1" 302 0
2024-06-07 05:57:16 PM - django.server - INFO - "GET /editpproduct/9008 HTTP/1.1" 200 70802
2024-06-07 05:57:16 PM - django.request - WARNING - Not Found: /Media/pproduct/images/40051019008_Bk.jpg
2024-06-07 05:57:16 PM - django.server - WARNING - "GET /Media/pproduct/images/40051019008_Bk.jpg HTTP/1.1" 404 30525
2024-06-07 05:57:16 PM - django.request - WARNING - Not Found: /Media/pproduct/images/40051149008_Grey.jpg
2024-06-07 05:57:16 PM - django.request - WARNING - Not Found: /Media/pproduct/images/40051029008_Navy.jpg
2024-06-07 05:57:16 PM - django.server - WARNING - "GET /Media/pproduct/images/40051149008_Grey.jpg HTTP/1.1" 404 30535
2024-06-07 05:57:16 PM - django.server - WARNING - "GET /Media/pproduct/images/40051029008_Navy.jpg HTTP/1.1" 404 30535
2024-06-07 05:57:18 PM - django.server - INFO - "GET /editpproduct/9008 HTTP/1.1" 200 70483
2024-06-07 05:57:21 PM - django.server - INFO - "GET /editpproduct/1036 HTTP/1.1" 200 84258
2024-06-07 05:57:22 PM - django.request - WARNING - Not Found: /Media/pproduct/images/40051021036_Navy.jpg
2024-06-07 05:57:22 PM - django.server - WARNING - "GET /Media/pproduct/images/40051021036_Navy.jpg HTTP/1.1" 404 30535
2024-06-07 05:57:22 PM - django.request - WARNING - Not Found: /Media/pproduct/images/40051141036_D_Grey.jpg
2024-06-07 05:57:22 PM - django.request - WARNING - Not Found: /Media/pproduct/images/40051511036_T_Green.jpg
2024-06-07 05:57:22 PM - django.request - WARNING - Not Found: /Media/pproduct/images/40051811036_Maroon.jpg
2024-06-07 05:57:22 PM - django.server - WARNING - "GET /Media/pproduct/images/40051141036_D_Grey.jpg HTTP/1.1" 404 30545
2024-06-07 05:57:22 PM - django.server - WARNING - "GET /Media/pproduct/images/40051511036_T_Green.jpg HTTP/1.1" 404 30550
2024-06-07 05:57:22 PM - django.server - WARNING - "GET /Media/pproduct/images/40051811036_Maroon.jpg HTTP/1.1" 404 30545
2024-06-07 05:57:22 PM - django.request - WARNING - Not Found: /Media/pproduct/images/40051041036_L_Grey.jpg
2024-06-07 05:57:22 PM - django.server - WARNING - "GET /Media/pproduct/images/40051041036_L_Grey.jpg HTTP/1.1" 404 30545
2024-06-07 05:57:25 PM - django.server - INFO - "GET /export_Product2Item_excel/1036 HTTP/1.1" 200 9732
2024-06-07 05:58:06 PM - django.server - INFO - "GET /viewproduct2item_configs/40051021036 HTTP/1.1" 200 22864
2024-06-07 05:58:40 PM - django.utils.autoreload - INFO - D:\Cosmus-projects\cosmus-factory-website\ERP_Cosmus\product\views.py changed, reloading.
2024-06-07 05:58:41 PM - django.utils.autoreload - INFO - Watching for file changes with StatReloader
2024-06-07 05:59:31 PM - django.server - INFO - "GET /viewproduct2item_configs/40051021036 HTTP/1.1" 200 23495
2024-06-07 05:59:59 PM - django.server - INFO - "GET /viewproduct2item_configs/40051021036 HTTP/1.1" 200 23799
2024-06-07 05:59:59 PM - django.server - INFO - "GET /static/css/dstyle.css HTTP/1.1" 304 0
2024-06-07 06:00:38 PM - django.server - INFO - "GET /viewproduct2item_configs/40051021036 HTTP/1.1" 200 23901
2024-06-07 06:00:59 PM - django.server - INFO - "GET /static/images/CosmusTechLogo_White-p-1600.png HTTP/1.1" 200 62741
2024-06-07 06:03:11 PM - django.server - INFO - "GET /viewproduct2item_configs/40051021036 HTTP/1.1" 200 23673
2024-06-07 06:03:11 PM - django.server - INFO - "GET /static/css/dstyle.css HTTP/1.1" 304 0
2024-06-07 06:04:11 PM - django.server - INFO - "GET /viewproduct2item_configs/40051021036 HTTP/1.1" 200 23735
2024-06-07 06:04:35 PM - django.server - INFO - "GET /viewproduct2item_configs/40051021036 HTTP/1.1" 200 23736
2024-06-07 06:06:01 PM - django.server - INFO - "GET /viewproduct2item_configs/40051021036 HTTP/1.1" 200 25118
2024-06-07 06:06:41 PM - django.server - INFO - "GET /viewproduct2item_configs/40051021036 HTTP/1.1" 200 26511
2024-06-07 06:06:41 PM - django.server - INFO - "GET /static/css/dstyle.css HTTP/1.1" 304 0
2024-06-07 06:06:55 PM - django.server - INFO - "GET /viewproduct2item_configs/40051021036 HTTP/1.1" 200 26511
2024-06-07 06:06:59 PM - django.server - INFO - "GET /viewproduct2item_configs/40051021036 HTTP/1.1" 200 26512
2024-06-07 06:07:34 PM - django.server - INFO - "GET /viewproduct2item_configs/40051021036 HTTP/1.1" 200 26499
2024-06-07 06:08:15 PM - django.server - INFO - "GET /viewproduct2item_configs/40051021036 HTTP/1.1" 200 26579
2024-06-07 06:08:32 PM - django.server - INFO - "GET /viewproduct2item_configs/40051021036 HTTP/1.1" 200 27300
2024-06-07 06:08:59 PM - django.server - INFO - "GET /viewproduct2item_configs/40051021036 HTTP/1.1" 200 27299
2024-06-07 06:09:08 PM - django.server - INFO - "GET /viewproduct2item_configs/40051021036 HTTP/1.1" 200 27300
2024-06-07 06:09:35 PM - django.server - INFO - "GET /viewproduct2item_configs/40051021036 HTTP/1.1" 200 28020
2024-06-07 06:09:38 PM - django.server - INFO - "GET /viewproduct2item_configs/40051021036 HTTP/1.1" 200 28021
2024-06-07 06:10:15 PM - django.server - INFO - "GET /viewproduct2item_configs/40051021036 HTTP/1.1" 200 29463
2024-06-07 06:10:15 PM - django.server - INFO - "GET /static/css/dstyle.css HTTP/1.1" 304 0
2024-06-07 06:10:52 PM - django.server - INFO - "GET /viewproduct2item_configs/40051021036 HTTP/1.1" 200 28009
2024-06-07 06:15:13 PM - django.server - INFO - "GET /viewproduct2item_configs/40051021036 HTTP/1.1" 200 28406
2024-06-07 06:15:13 PM - django.server - INFO - "GET /static/css/dstyle.css HTTP/1.1" 304 0
2024-06-07 06:16:00 PM - django.server - INFO - "GET /viewproduct2item_configs/40051021036 HTTP/1.1" 200 28009
2024-06-07 06:17:16 PM - django.server - INFO - "GET /viewproduct2item_configs/40051021036 HTTP/1.1" 200 28078
2024-06-07 06:17:57 PM - django.server - INFO - "GET /viewproduct2item_configs/40051021036 HTTP/1.1" 200 28077
2024-06-07 06:25:40 PM - django.server - INFO - "GET /viewproduct2item_configs/40051021036 HTTP/1.1" 200 28081
2024-06-07 06:25:40 PM - django.server - INFO - "GET /static/css/dstyle.css HTTP/1.1" 304 0
2024-06-07 06:27:28 PM - django.utils.autoreload - INFO - D:\Cosmus-projects\cosmus-factory-website\ERP_Cosmus\product\views.py changed, reloading.
2024-06-07 06:27:29 PM - django.utils.autoreload - INFO - Watching for file changes with StatReloader
2024-06-07 06:27:31 PM - django.server - INFO - "GET /viewproduct2item_configs/40051021036 HTTP/1.1" 200 28114
2024-06-10 10:32:56 AM - django.utils.autoreload - INFO - Watching for file changes with StatReloader
2024-06-10 10:34:39 AM - django.server - INFO - "GET /editpproduct/1036 HTTP/1.1" 200 84259
2024-06-10 10:34:39 AM - django.server - INFO - "GET /static/css/style.css HTTP/1.1" 304 0
2024-06-10 10:34:39 AM - django.server - INFO - "GET /static/css/dstyle.css HTTP/1.1" 304 0
2024-06-10 10:34:39 AM - django.server - INFO - "GET /static/images/file%20down.png HTTP/1.1" 304 0
2024-06-10 10:34:39 AM - django.server - INFO - "GET /static/images/file.png HTTP/1.1" 304 0
2024-06-10 10:34:39 AM - django.request - WARNING - Not Found: /Media/pproduct/images/40051811036_Maroon.jpg
2024-06-10 10:34:39 AM - django.server - WARNING - "GET /Media/pproduct/images/40051811036_Maroon.jpg HTTP/1.1" 404 30545
2024-06-10 10:34:39 AM - django.request - WARNING - Not Found: /Media/pproduct/images/40051511036_T_Green.jpg
2024-06-10 10:34:39 AM - django.server - WARNING - "GET /Media/pproduct/images/40051511036_T_Green.jpg HTTP/1.1" 404 30550
2024-06-10 10:34:39 AM - django.request - WARNING - Not Found: /Media/pproduct/images/40051041036_L_Grey.jpg
2024-06-10 10:34:39 AM - django.server - WARNING - "GET /Media/pproduct/images/40051041036_L_Grey.jpg HTTP/1.1" 404 30545
2024-06-10 10:34:39 AM - django.request - WARNING - Not Found: /Media/pproduct/images/40051141036_D_Grey.jpg
2024-06-10 10:34:39 AM - django.server - WARNING - "GET /Media/pproduct/images/40051141036_D_Grey.jpg HTTP/1.1" 404 30545
2024-06-10 10:34:39 AM - django.request - WARNING - Not Found: /Media/pproduct/images/40051021036_Navy.jpg
2024-06-10 10:34:39 AM - django.server - WARNING - "GET /Media/pproduct/images/40051021036_Navy.jpg HTTP/1.1" 404 30535
2024-06-10 10:36:03 AM - django.server - INFO - "GET /viewproduct2item_configs/40051811036 HTTP/1.1" 200 29738
2024-06-10 10:38:00 AM - django.server - INFO - "GET /viewproduct2item_configs/40051511036 HTTP/1.1" 200 23136
