
2024-06-11 04:40:32 PM - django.server - INFO - "GET /openinggodownquantity/1 HTTP/1.1" 200 24085
2024-06-11 04:40:37 PM - django.server - INFO - "GET /itemedit/38 HTTP/1.1" 200 58349
2024-06-11 04:40:38 PM - django.request - WARNING - Not Found: /Media/rawmaterial/images/A_Black_2KB_kAYSp3O.jpg
2024-06-11 04:40:38 PM - django.server - WARNING - "GET /Media/rawmaterial/images/A_Black_2KB_kAYSp3O.jpg HTTP/1.1" 404 30575
2024-06-11 04:42:42 PM - django.server - INFO - "GET /itemedit/38 HTTP/1.1" 200 58349
2024-06-11 04:42:42 PM - django.request - WARNING - Not Found: /Media/rawmaterial/images/A_Black_2KB_kAYSp3O.jpg
2024-06-11 04:42:42 PM - django.server - WARNING - "GET /Media/rawmaterial/images/A_Black_2KB_kAYSp3O.jpg HTTP/1.1" 404 30574
2024-06-11 04:49:47 PM - django.utils.autoreload - INFO - Watching for file changes with StatReloader
2024-06-11 04:50:03 PM - django.server - INFO - "GET /itemedit/38 HTTP/1.1" 200 58349
2024-06-11 04:50:03 PM - django.request - WARNING - Not Found: /Media/rawmaterial/images/A_Black_2KB_kAYSp3O.jpg
2024-06-11 04:50:03 PM - django.server - WARNING - "GET /Media/rawmaterial/images/A_Black_2KB_kAYSp3O.jpg HTTP/1.1" 404 30575
2024-06-11 04:50:04 PM - django.server - INFO - "GET /openinggodownquantityajax/?itemValue=0&primary_key_id=40 HTTP/1.1" 200 46
2024-06-11 04:50:04 PM - django.server - INFO - "GET /__debug__/history_sidebar/?store_id=c40e52a905104331bf17277f3584d9bd HTTP/1.1" 200 9116
2024-06-11 04:50:04 PM - django.server - INFO - "GET /openinggodownquantitypk/40/0 HTTP/1.1" 200 34181
2024-06-11 04:51:22 PM - django.server - INFO - "GET /itemedit/38 HTTP/1.1" 200 58355
2024-06-11 04:51:22 PM - django.request - WARNING - Not Found: /Media/rawmaterial/images/A_Black_2KB_kAYSp3O.jpg
2024-06-11 04:51:22 PM - django.server - WARNING - "GET /Media/rawmaterial/images/A_Black_2KB_kAYSp3O.jpg HTTP/1.1" 404 30575
2024-06-11 04:51:24 PM - django.server - INFO - "GET /openinggodownquantityajax/?itemValue=1&primary_key_id= HTTP/1.1" 200 41
2024-06-11 04:51:24 PM - django.server - INFO - "GET /openinggodownquantity/1 HTTP/1.1" 200 24085
2024-06-11 04:51:24 PM - django.server - INFO - "GET /__debug__/history_sidebar/?store_id=efe98b2cf3dc425b9ebb23d3a98daf6d HTTP/1.1" 200 9114
2024-06-11 04:51:52 PM - django.server - INFO - "GET /openinggodownquantityajax/?itemValue=1&primary_key_id= HTTP/1.1" 200 41
2024-06-11 04:51:52 PM - django.server - INFO - "GET /openinggodownquantity/1 HTTP/1.1" 200 24085
2024-06-11 04:51:52 PM - django.server - INFO - "GET /__debug__/history_sidebar/?store_id=48300984b25542f38343c8eefbf5326d HTTP/1.1" 200 9115
2024-06-11 05:10:40 PM - django.server - INFO - "GET /openinggodownquantityajax/?itemValue=0&primary_key_id=40 HTTP/1.1" 200 46
2024-06-11 05:10:40 PM - django.server - INFO - "GET /openinggodownquantitypk/40/0 HTTP/1.1" 200 34181
2024-06-11 05:10:40 PM - django.server - INFO - "GET /__debug__/history_sidebar/?store_id=ce9ff5631bc14f10a09eb624dde2944b HTTP/1.1" 200 9117
2024-06-11 05:14:44 PM - django.server - INFO - "GET /itemedit/38 HTTP/1.1" 200 58377
2024-06-11 05:14:44 PM - django.request - WARNING - Not Found: /Media/rawmaterial/images/A_Black_2KB_kAYSp3O.jpg
2024-06-11 05:14:44 PM - django.server - WARNING - "GET /Media/rawmaterial/images/A_Black_2KB_kAYSp3O.jpg HTTP/1.1" 404 30575
2024-06-11 05:14:45 PM - django.server - INFO - "GET /openinggodownquantityajax/?itemValue=0&primary_key_id=40 HTTP/1.1" 200 46
2024-06-11 05:14:46 PM - django.server - INFO - "GET /__debug__/history_sidebar/?store_id=cc892e615a37483b92bebc8d81206071 HTTP/1.1" 200 9116
2024-06-11 05:14:46 PM - django.server - INFO - "GET /openinggodownquantitypk/40/0 HTTP/1.1" 200 34181
2024-06-11 05:14:52 PM - django.server - INFO - "POST /openinggodownquantitypk/40/0 HTTP/1.1" 200 34228
2024-06-11 05:14:54 PM - django.server - INFO - "POST /openinggodownquantitypk/40/0 HTTP/1.1" 200 34228
2024-06-11 05:17:49 PM - django.server - INFO - "GET /itemedit/38 HTTP/1.1" 200 58404
2024-06-11 05:17:49 PM - django.request - WARNING - Not Found: /Media/rawmaterial/images/A_Black_2KB_kAYSp3O.jpg
2024-06-11 05:17:49 PM - django.server - WARNING - "GET /Media/rawmaterial/images/A_Black_2KB_kAYSp3O.jpg HTTP/1.1" 404 30574
2024-06-11 05:17:57 PM - django.server - INFO - "GET /itemedit/38 HTTP/1.1" 200 58403
2024-06-11 05:17:57 PM - django.server - INFO - "GET /static/css/style.css HTTP/1.1" 200 1070
2024-06-11 05:17:57 PM - django.server - INFO - "GET /static/css/dstyle.css HTTP/1.1" 200 34057
2024-06-11 05:17:57 PM - django.server - INFO - "GET /static/debug_toolbar/js/toolbar.js HTTP/1.1" 200 13404
2024-06-11 05:17:57 PM - django.server - INFO - "GET /static/images/logo.jpg HTTP/1.1" 200 28948
2024-06-11 05:17:57 PM - django.server - INFO - "GET /static/images/CosmusTechLogo_White-p-1600.png HTTP/1.1" 200 62741
2024-06-11 05:17:58 PM - django.server - INFO - "GET /static/js/script.js HTTP/1.1" 200 5870
2024-06-11 05:17:58 PM - django.server - INFO - "GET /static/debug_toolbar/css/toolbar.css HTTP/1.1" 200 12621
2024-06-11 05:17:58 PM - django.request - WARNING - Not Found: /Media/rawmaterial/images/A_Black_2KB_kAYSp3O.jpg
2024-06-11 05:17:58 PM - django.server - WARNING - "GET /Media/rawmaterial/images/A_Black_2KB_kAYSp3O.jpg HTTP/1.1" 404 30575
2024-06-11 05:17:58 PM - django.server - INFO - "GET /static/debug_toolbar/css/print.css HTTP/1.1" 200 43
2024-06-11 05:17:58 PM - django.server - INFO - "GET /static/debug_toolbar/js/utils.js HTTP/1.1" 200 4527
2024-06-11 05:17:58 PM - django.server - INFO - "GET /static/images/favicon.ico HTTP/1.1" 200 15406
2024-06-11 05:18:58 PM - django.server - INFO - "GET /itemedit/38 HTTP/1.1" 200 58409
2024-06-11 05:18:58 PM - django.request - WARNING - Not Found: /Media/rawmaterial/images/A_Black_2KB_kAYSp3O.jpg
2024-06-11 05:18:58 PM - django.server - WARNING - "GET /Media/rawmaterial/images/A_Black_2KB_kAYSp3O.jpg HTTP/1.1" 404 30575
2024-06-11 05:18:59 PM - django.server - INFO - "GET /openinggodownquantityajax/?itemValue=1&primary_key_id= HTTP/1.1" 200 41
2024-06-11 05:18:59 PM - django.server - INFO - "GET /openinggodownquantity/1 HTTP/1.1" 200 24085
2024-06-11 05:18:59 PM - django.server - INFO - "GET /__debug__/history_sidebar/?store_id=11c8ce25549f4117a09900c3a8e4fbfc HTTP/1.1" 200 9114
2024-06-11 05:19:04 PM - django.server - INFO - "POST /openinggodownquantity/1 HTTP/1.1" 200 24085
2024-06-11 05:20:19 PM - django.server - INFO - "GET /openinggodownquantity/1 HTTP/1.1" 200 24085
2024-06-11 05:20:24 PM - django.server - INFO - "POST /openinggodownquantity/1 HTTP/1.1" 200 24085
2024-06-11 05:20:33 PM - django.server - INFO - "GET /openinggodownquantityajax/?itemValue=1&primary_key_id= HTTP/1.1" 200 41
2024-06-11 05:20:33 PM - django.server - INFO - "GET /openinggodownquantity/1 HTTP/1.1" 200 24085
2024-06-11 05:20:33 PM - django.server - INFO - "GET /__debug__/history_sidebar/?store_id=f0a2259a5d2348c687516988232c6e23 HTTP/1.1" 200 9115
2024-06-11 05:20:39 PM - django.server - INFO - "POST /openinggodownquantity/1 HTTP/1.1" 200 24085
2024-06-11 05:20:45 PM - django.server - INFO - "POST /openinggodownquantity/1 HTTP/1.1" 200 24085
2024-06-11 05:20:46 PM - django.request - ERROR - Internal Server Error: /openinggodownquantity/1
Traceback (most recent call last):
  File "D:\cosmus-factory-website\Cosmus_Factory_Management\venv\Lib\site-packages\django\core\handlers\exception.py", line 55, in inner
    response = get_response(request)
               ^^^^^^^^^^^^^^^^^^^^^
  File "D:\cosmus-factory-website\Cosmus_Factory_Management\venv\Lib\site-packages\django\core\handlers\base.py", line 197, in _get_response
    response = wrapped_callback(request, *callback_args, **callback_kwargs)
               ^^^^^^^^^^^^^^^^^^^^^^^^^^^^^^^^^^^^^^^^^^^^^^^^^^^^^^^^^^^^
  File "D:\cosmus-factory-website\Cosmus_Factory_Management\ERP_Cosmus\product\views.py", line 840, in openingquantityformsetpopup
    "opening_godown_id": int(value['gid']),
                         ^^^^^^^^^^^^^^^^^
ValueError: invalid literal for int() with base 10: ''
2024-06-11 05:20:46 PM - django.server - ERROR - "POST /openinggodownquantity/1 HTTP/1.1" 500 84872
2024-06-11 05:20:46 PM - django.request - WARNING - Not Found: /favicon.ico
2024-06-11 05:20:46 PM - django.server - WARNING - "GET /favicon.ico HTTP/1.1" 404 30175
2024-06-11 05:21:46 PM - django.server - INFO - "GET /itemedit/38 HTTP/1.1" 200 58413
2024-06-11 05:21:46 PM - django.request - WARNING - Not Found: /Media/rawmaterial/images/A_Black_2KB_kAYSp3O.jpg
2024-06-11 05:21:46 PM - django.server - WARNING - "GET /Media/rawmaterial/images/A_Black_2KB_kAYSp3O.jpg HTTP/1.1" 404 30574
2024-06-11 05:21:47 PM - django.server - INFO - "GET /openinggodownquantityajax/?itemValue=1&primary_key_id= HTTP/1.1" 200 41
2024-06-11 05:21:47 PM - django.request - ERROR - Internal Server Error: /openinggodownquantity/1
Traceback (most recent call last):
  File "D:\cosmus-factory-website\Cosmus_Factory_Management\venv\Lib\site-packages\django\core\handlers\exception.py", line 55, in inner
    response = get_response(request)
               ^^^^^^^^^^^^^^^^^^^^^
  File "D:\cosmus-factory-website\Cosmus_Factory_Management\venv\Lib\site-packages\django\core\handlers\base.py", line 197, in _get_response
    response = wrapped_callback(request, *callback_args, **callback_kwargs)
               ^^^^^^^^^^^^^^^^^^^^^^^^^^^^^^^^^^^^^^^^^^^^^^^^^^^^^^^^^^^^
  File "D:\cosmus-factory-website\Cosmus_Factory_Management\ERP_Cosmus\product\views.py", line 840, in openingquantityformsetpopup
    "opening_godown_id": int(value['gid']),
                         ^^^^^^^^^^^^^^^^^
ValueError: invalid literal for int() with base 10: ''
2024-06-11 05:21:47 PM - django.server - ERROR - "GET /openinggodownquantity/1 HTTP/1.1" 500 82577
2024-06-11 05:21:47 PM - django.server - INFO - "GET /__debug__/history_sidebar/?store_id=6873113a6b7d487985ec1a9fc66006a6 HTTP/1.1" 200 9114
2024-06-11 05:21:50 PM - django.server - INFO - "GET /openinggodownquantityajax/?itemValue=0&primary_key_id=40 HTTP/1.1" 200 46
2024-06-11 05:21:50 PM - django.server - INFO - "GET /__debug__/history_sidebar/?store_id=7c8af1c7e1d04292a4a756ac5aa9e49d HTTP/1.1" 200 9117
2024-06-11 05:21:50 PM - django.server - INFO - "GET /openinggodownquantitypk/40/0 HTTP/1.1" 200 38223
2024-06-11 05:21:57 PM - django.server - INFO - "POST /openinggodownquantitypk/40/0 HTTP/1.1" 200 38267
2024-06-11 05:21:59 PM - django.server - INFO - "POST /openinggodownquantitypk/40/0 HTTP/1.1" 200 38267
2024-06-11 05:22:08 PM - django.server - INFO - "POST /openinggodownquantitypk/40/0 HTTP/1.1" 200 38267
2024-06-11 05:22:27 PM - django.server - INFO - "GET /openinggodownquantitypk/40/0 HTTP/1.1" 200 44291
2024-06-11 05:22:30 PM - django.request - ERROR - Internal Server Error: /openinggodownquantitypk/40/0
Traceback (most recent call last):
  File "D:\cosmus-factory-website\Cosmus_Factory_Management\venv\Lib\site-packages\django\db\backends\utils.py", line 89, in _execute
    return self.cursor.execute(sql, params)
           ^^^^^^^^^^^^^^^^^^^^^^^^^^^^^^^^
psycopg2.errors.NotNullViolation: null value in column "opening_rate" of relation "product_opening_shade_godown_quantity" violates not-null constraint
DETAIL:  Failing row contains (22, 0.0, null, null, 40).


The above exception was the direct cause of the following exception:

Traceback (most recent call last):
  File "D:\cosmus-factory-website\Cosmus_Factory_Management\venv\Lib\site-packages\django\core\handlers\exception.py", line 55, in inner
    response = get_response(request)
               ^^^^^^^^^^^^^^^^^^^^^
  File "D:\cosmus-factory-website\Cosmus_Factory_Management\venv\Lib\site-packages\django\core\handlers\base.py", line 197, in _get_response
    response = wrapped_callback(request, *callback_args, **callback_kwargs)
               ^^^^^^^^^^^^^^^^^^^^^^^^^^^^^^^^^^^^^^^^^^^^^^^^^^^^^^^^^^^^
  File "D:\cosmus-factory-website\Cosmus_Factory_Management\ERP_Cosmus\product\views.py", line 860, in openingquantityformsetpopup
    form.save()
  File "D:\cosmus-factory-website\Cosmus_Factory_Management\venv\Lib\site-packages\django\forms\models.py", line 542, in save
    self.instance.save()
  File "D:\cosmus-factory-website\Cosmus_Factory_Management\venv\Lib\site-packages\django\db\models\base.py", line 814, in save
    self.save_base(
  File "D:\cosmus-factory-website\Cosmus_Factory_Management\venv\Lib\site-packages\django\db\models\base.py", line 877, in save_base
    updated = self._save_table(
              ^^^^^^^^^^^^^^^^^
  File "D:\cosmus-factory-website\Cosmus_Factory_Management\venv\Lib\site-packages\django\db\models\base.py", line 1020, in _save_table
    results = self._do_insert(
              ^^^^^^^^^^^^^^^^
  File "D:\cosmus-factory-website\Cosmus_Factory_Management\venv\Lib\site-packages\django\db\models\base.py", line 1061, in _do_insert
    return manager._insert(
           ^^^^^^^^^^^^^^^^
  File "D:\cosmus-factory-website\Cosmus_Factory_Management\venv\Lib\site-packages\django\db\models\manager.py", line 87, in manager_method
    return getattr(self.get_queryset(), name)(*args, **kwargs)
           ^^^^^^^^^^^^^^^^^^^^^^^^^^^^^^^^^^^^^^^^^^^^^^^^^^^
  File "D:\cosmus-factory-website\Cosmus_Factory_Management\venv\Lib\site-packages\django\db\models\query.py", line 1805, in _insert
    return query.get_compiler(using=using).execute_sql(returning_fields)
           ^^^^^^^^^^^^^^^^^^^^^^^^^^^^^^^^^^^^^^^^^^^^^^^^^^^^^^^^^^^^^
  File "D:\cosmus-factory-website\Cosmus_Factory_Management\venv\Lib\site-packages\django\db\models\sql\compiler.py", line 1822, in execute_sql
    cursor.execute(sql, params)
  File "D:\cosmus-factory-website\Cosmus_Factory_Management\venv\Lib\site-packages\debug_toolbar\panels\sql\tracking.py", line 252, in execute
    return self._record(super().execute, sql, params)
           ^^^^^^^^^^^^^^^^^^^^^^^^^^^^^^^^^^^^^^^^^^
  File "D:\cosmus-factory-website\Cosmus_Factory_Management\venv\Lib\site-packages\debug_toolbar\panels\sql\tracking.py", line 177, in _record
    return method(sql, params)
           ^^^^^^^^^^^^^^^^^^^
  File "D:\cosmus-factory-website\Cosmus_Factory_Management\venv\Lib\site-packages\django\db\backends\utils.py", line 102, in execute
    return super().execute(sql, params)
           ^^^^^^^^^^^^^^^^^^^^^^^^^^^^
  File "D:\cosmus-factory-website\Cosmus_Factory_Management\venv\Lib\site-packages\django\db\backends\utils.py", line 67, in execute
    return self._execute_with_wrappers(
           ^^^^^^^^^^^^^^^^^^^^^^^^^^^^
  File "D:\cosmus-factory-website\Cosmus_Factory_Management\venv\Lib\site-packages\django\db\backends\utils.py", line 80, in _execute_with_wrappers
    return executor(sql, params, many, context)
           ^^^^^^^^^^^^^^^^^^^^^^^^^^^^^^^^^^^^
  File "D:\cosmus-factory-website\Cosmus_Factory_Management\venv\Lib\site-packages\django\db\backends\utils.py", line 84, in _execute
    with self.db.wrap_database_errors:
  File "D:\cosmus-factory-website\Cosmus_Factory_Management\venv\Lib\site-packages\django\db\utils.py", line 91, in __exit__
    raise dj_exc_value.with_traceback(traceback) from exc_value
  File "D:\cosmus-factory-website\Cosmus_Factory_Management\venv\Lib\site-packages\django\db\backends\utils.py", line 89, in _execute
    return self.cursor.execute(sql, params)
           ^^^^^^^^^^^^^^^^^^^^^^^^^^^^^^^^
django.db.utils.IntegrityError: null value in column "opening_rate" of relation "product_opening_shade_godown_quantity" violates not-null constraint
DETAIL:  Failing row contains (22, 0.0, null, null, 40).

2024-06-11 05:22:30 PM - django.server - ERROR - "POST /openinggodownquantitypk/40/0 HTTP/1.1" 500 184671
2024-06-11 05:22:53 PM - django.server - INFO - "GET /itemedit/38 HTTP/1.1" 200 58416
2024-06-11 05:22:53 PM - django.request - WARNING - Not Found: /Media/rawmaterial/images/A_Black_2KB_kAYSp3O.jpg
2024-06-11 05:22:53 PM - django.server - WARNING - "GET /Media/rawmaterial/images/A_Black_2KB_kAYSp3O.jpg HTTP/1.1" 404 30574
2024-06-11 05:22:54 PM - django.server - INFO - "GET /openinggodownquantityajax/?itemValue=1&primary_key_id= HTTP/1.1" 200 41
2024-06-11 05:22:55 PM - django.request - ERROR - Internal Server Error: /openinggodownquantity/1
Traceback (most recent call last):
  File "D:\cosmus-factory-website\Cosmus_Factory_Management\venv\Lib\site-packages\django\core\handlers\exception.py", line 55, in inner
    response = get_response(request)
               ^^^^^^^^^^^^^^^^^^^^^
  File "D:\cosmus-factory-website\Cosmus_Factory_Management\venv\Lib\site-packages\django\core\handlers\base.py", line 197, in _get_response
    response = wrapped_callback(request, *callback_args, **callback_kwargs)
               ^^^^^^^^^^^^^^^^^^^^^^^^^^^^^^^^^^^^^^^^^^^^^^^^^^^^^^^^^^^^
  File "D:\cosmus-factory-website\Cosmus_Factory_Management\ERP_Cosmus\product\views.py", line 840, in openingquantityformsetpopup
    "opening_godown_id": int(value['gid']),
                         ^^^^^^^^^^^^^^^^^
ValueError: invalid literal for int() with base 10: ''
2024-06-11 05:22:55 PM - django.server - ERROR - "GET /openinggodownquantity/1 HTTP/1.1" 500 82577
2024-06-11 05:22:55 PM - django.server - INFO - "GET /__debug__/history_sidebar/?store_id=591829f35d4444258d9fce00c056a1b2 HTTP/1.1" 200 9114
2024-06-11 05:23:05 PM - django.server - INFO - "GET / HTTP/1.1" 200 30094
2024-06-11 05:23:05 PM - django.server - INFO - "GET /static/css/style.css HTTP/1.1" 200 1070
2024-06-11 05:23:05 PM - django.server - INFO - "GET /static/css/dstyle.css HTTP/1.1" 200 34057
2024-06-11 05:23:05 PM - django.server - INFO - "GET /static/images/logo.jpg HTTP/1.1" 200 28948
2024-06-11 05:23:05 PM - django.server - INFO - "GET /static/debug_toolbar/js/toolbar.js HTTP/1.1" 200 13404
2024-06-11 05:23:05 PM - django.server - INFO - "GET /static/images/CosmusTechLogo_White-p-1600.png HTTP/1.1" 200 62741
2024-06-11 05:23:05 PM - django.server - INFO - "GET /static/js/script.js HTTP/1.1" 200 5870
2024-06-11 05:23:05 PM - django.server - INFO - "GET /static/debug_toolbar/css/toolbar.css HTTP/1.1" 200 12621
2024-06-11 05:23:05 PM - django.server - INFO - "GET /static/debug_toolbar/css/print.css HTTP/1.1" 200 43
2024-06-11 05:23:05 PM - django.server - INFO - "GET /static/debug_toolbar/js/utils.js HTTP/1.1" 200 4527
2024-06-11 05:23:05 PM - django.server - INFO - "GET /static/images/favicon.ico HTTP/1.1" 200 15406
2024-06-11 05:23:10 PM - django.server - INFO - "GET /itemlist/ HTTP/1.1" 200 119903
2024-06-11 05:23:23 PM - django.server - INFO - "GET /itemedit/11 HTTP/1.1" 200 58417
2024-06-11 05:23:23 PM - django.request - WARNING - Not Found: /Media/rawmaterial/images/Black_2KB_Apgqq4K.jpg
2024-06-11 05:23:23 PM - django.server - WARNING - "GET /Media/rawmaterial/images/Black_2KB_Apgqq4K.jpg HTTP/1.1" 404 30564
2024-06-11 05:23:25 PM - django.server - INFO - "GET /openinggodownquantityajax/?itemValue=0&primary_key_id=12 HTTP/1.1" 200 46
2024-06-11 05:23:25 PM - django.server - INFO - "GET /__debug__/history_sidebar/?store_id=3781b5df29d841e08100977f5e00a212 HTTP/1.1" 200 9115
2024-06-11 05:23:26 PM - django.server - INFO - "GET /openinggodownquantitypk/12/0 HTTP/1.1" 200 28124
2024-06-11 05:23:39 PM - django.server - INFO - "POST /openinggodownquantitypk/12/0 HTTP/1.1" 200 28168
2024-06-11 05:24:35 PM - django.server - INFO - "GET /openinggodownquantitypk/12/0 HTTP/1.1" 200 30141
2024-06-11 05:24:42 PM - django.server - INFO - "POST /openinggodownquantitypk/12/0 HTTP/1.1" 200 30184
2024-06-11 05:25:08 PM - django.server - INFO - "GET /openinggodownquantitypk/12/0 HTTP/1.1" 200 32157
2024-06-11 05:25:13 PM - django.server - INFO - "POST /openinggodownquantitypk/12/0 HTTP/1.1" 200 32203
2024-06-11 05:25:43 PM - django.server - INFO - "GET /openinggodownquantityajax/?itemValue=1&primary_key_id= HTTP/1.1" 200 41
2024-06-11 05:25:43 PM - django.server - INFO - "GET /openinggodownquantity/1 HTTP/1.1" 200 24082
2024-06-11 05:25:43 PM - django.server - INFO - "GET /__debug__/history_sidebar/?store_id=46f4843281de4b828ec0bead27929114 HTTP/1.1" 200 9113
2024-06-11 05:25:48 PM - django.server - INFO - "POST /openinggodownquantity/1 HTTP/1.1" 200 24082
2024-06-11 05:26:12 PM - django.server - INFO - "GET /openinggodownquantityajax/?itemValue=1&primary_key_id= HTTP/1.1" 200 41
2024-06-11 05:26:12 PM - django.server - INFO - "GET /openinggodownquantity/1 HTTP/1.1" 200 24085
2024-06-11 05:26:12 PM - django.server - INFO - "GET /__debug__/history_sidebar/?store_id=f2cfdad86515485396870baf8a70277b HTTP/1.1" 200 9114
